<?xml version="1.0" encoding="UTF-8"?>
<!-- Generated by org.testng.reporters.JUnitXMLReporter -->
<testsuite hostname="DESKTOP-05IPB51" name="Test" tests="3" failures="0" timestamp="19 Oct 2021 11:47:47 GMT" time="128.276" errors="0">
  <testcase name="BookTicketTest" time="92.212" classname="com.bd.driver.DriverBase"/>
  <testcase name="FindFlightsTest" time="18.128" classname="com.bd.driver.DriverBase"/>
  <testcase name="FlightDetailsTest" time="15.764" classname="com.bd.driver.DriverBase"/>
</testsuite> <!-- Test -->
