<?xml version="1.0" encoding="UTF-8"?>
<!-- Generated by org.testng.reporters.JUnitXMLReporter -->
<testsuite hostname="ArunYadav" name="Default test" tests="3" failures="0" timestamp="9 Sep 2020 21:14:16 GMT" time="55.154" errors="0">
  <testcase name="BookTicketTest" time="26.908" classname="com.bd.driver.DriverBase"/>
  <testcase name="FindFlightsTest" time="13.087" classname="com.bd.driver.DriverBase"/>
  <testcase name="FlightDetailsTest" time="14.435" classname="com.bd.driver.DriverBase"/>
</testsuite> <!-- Default test -->
